0 info it worked if it ends with ok
1 verbose cli [ '/usr/bin/node', '/usr/bin/npm', 'run', 'report' ]
2 info using npm@3.5.2
3 info using node@v8.10.0
4 verbose run-script [ 'prereport', 'report', 'postreport' ]
5 info lifecycle cm_js_test@0.0.1~prereport: cm_js_test@0.0.1
6 silly lifecycle cm_js_test@0.0.1~prereport: no script for prereport, continuing
7 info lifecycle cm_js_test@0.0.1~report: cm_js_test@0.0.1
8 verbose lifecycle cm_js_test@0.0.1~report: unsafe-perm in lifecycle true
9 verbose lifecycle cm_js_test@0.0.1~report: PATH: /usr/share/npm/bin/node-gyp-bin:/home/niyifalade/CM_JS_TEST/node_modules/.bin:/home/niyifalade/bin:/home/niyifalade/bin:/home/niyifalade/bin:/home/niyifalade/bin:/usr/local/sbin:/usr/local/bin:/usr/sbin:/usr/bin:/sbin:/bin:/usr/games:/usr/local/games:/snap/bin
10 verbose lifecycle cm_js_test@0.0.1~report: CWD: /home/niyifalade/CM_JS_TEST
11 silly lifecycle cm_js_test@0.0.1~report: Args: [ '-c', 'serenity run' ]
12 info lifecycle cm_js_test@0.0.1~report: Failed to exec report script
13 verbose stack Error: cm_js_test@0.0.1 report: `serenity run`
13 verbose stack spawn ENOENT
13 verbose stack     at ChildProcess.<anonymous> (/usr/share/npm/lib/utils/spawn.js:17:16)
13 verbose stack     at emitTwo (events.js:126:13)
13 verbose stack     at ChildProcess.emit (events.js:214:7)
13 verbose stack     at maybeClose (internal/child_process.js:925:16)
13 verbose stack     at Process.ChildProcess._handle.onexit (internal/child_process.js:209:5)
14 verbose pkgid cm_js_test@0.0.1
15 verbose cwd /home/niyifalade/CM_JS_TEST
16 error Linux 5.3.0-26-generic
17 error argv "/usr/bin/node" "/usr/bin/npm" "run" "report"
18 error node v8.10.0
19 error npm  v3.5.2
20 error file sh
21 error code ELIFECYCLE
22 error errno ENOENT
23 error syscall spawn
24 error cm_js_test@0.0.1 report: `serenity run`
24 error spawn ENOENT
25 error Failed at the cm_js_test@0.0.1 report script 'serenity run'.
25 error Make sure you have the latest version of node.js and npm installed.
25 error If you do, this is most likely a problem with the cm_js_test package,
25 error not with npm itself.
25 error Tell the author that this fails on your system:
25 error     serenity run
25 error You can get information on how to open an issue for this project with:
25 error     npm bugs cm_js_test
25 error Or if that isn't available, you can get their info via:
25 error     npm owner ls cm_js_test
25 error There is likely additional logging output above.
26 verbose exit [ 1, true ]
